This file contains any messages produced by compilers while
running configure, to aid debugging if configure makes a mistake.

It was created by porg configure 0.10, which was
generated by GNU Autoconf 2.69.  Invocation command line was

  $ ./configure --disable-grop

## --------- ##
## Platform. ##
## --------- ##

hostname = 6dabdc123712
uname -m = x86_64
uname -r = 4.13.9-1-ARCH
uname -s = Linux
uname -v = #1 SMP PREEMPT Sun Oct 22 09:07:32 CEST 2017

/usr/bin/uname -p = unknown
/bin/uname -X     = unknown

/bin/arch              = unknown
/usr/bin/arch -k       = unknown
/usr/convex/getsysinfo = unknown
/usr/bin/hostinfo      = unknown
/bin/machine           = unknown
/usr/bin/oslevel       = unknown
/bin/universe          = unknown

PATH: /usr/local/sbin
PATH: /usr/local/bin
PATH: /usr/sbin
PATH: /usr/bin
PATH: /sbin
PATH: /bin
PATH: /usr/games
PATH: /usr/local/games


## ----------- ##
## Core tests. ##
## ----------- ##

configure:2561: checking for a BSD-compatible install
configure:2629: result: /usr/bin/install -c
configure:2640: checking whether build environment is sane
configure:2695: result: yes
configure:2846: checking for a thread-safe mkdir -p
configure:2885: result: /bin/mkdir -p
configure:2892: checking for gawk
configure:2922: result: no
configure:2892: checking for mawk
configure:2908: found /usr/bin/mawk
configure:2919: result: mawk
configure:2930: checking whether make sets $(MAKE)
configure:2952: result: yes
configure:2981: checking whether make supports nested variables
configure:2998: result: yes
configure:3125: checking whether to enable maintainer-specific portions of Makefiles
configure:3134: result: no
configure:3163: checking for style of include used by make
configure:3191: result: GNU
configure:3262: checking for gcc
configure:3278: found /usr/bin/gcc
configure:3289: result: gcc
configure:3518: checking for C compiler version
configure:3527: gcc --version >&5
gcc (Ubuntu 4.8.4-2ubuntu1~14.04.3) 4.8.4
Copyright (C) 2013 Free Software Foundation, Inc.
This is free software; see the source for copying conditions.  There is NO
warranty; not even for MERCHANTABILITY or FITNESS FOR A PARTICULAR PURPOSE.

configure:3538: $? = 0
configure:3527: gcc -v >&5
Using built-in specs.
COLLECT_GCC=gcc
COLLECT_LTO_WRAPPER=/usr/lib/gcc/x86_64-linux-gnu/4.8/lto-wrapper
Target: x86_64-linux-gnu
Configured with: ../src/configure -v --with-pkgversion='Ubuntu 4.8.4-2ubuntu1~14.04.3' --with-bugurl=file:///usr/share/doc/gcc-4.8/README.Bugs --enable-languages=c,c++,java,go,d,fortran,objc,obj-c++ --prefix=/usr --program-suffix=-4.8 --enable-shared --enable-linker-build-id --libexecdir=/usr/lib --without-included-gettext --enable-threads=posix --with-gxx-include-dir=/usr/include/c++/4.8 --libdir=/usr/lib --enable-nls --with-sysroot=/ --enable-clocale=gnu --enable-libstdcxx-debug --enable-libstdcxx-time=yes --enable-gnu-unique-object --disable-libmudflap --enable-plugin --with-system-zlib --disable-browser-plugin --enable-java-awt=gtk --enable-gtk-cairo --with-java-home=/usr/lib/jvm/java-1.5.0-gcj-4.8-amd64/jre --enable-java-home --with-jvm-root-dir=/usr/lib/jvm/java-1.5.0-gcj-4.8-amd64 --with-jvm-jar-dir=/usr/lib/jvm-exports/java-1.5.0-gcj-4.8-amd64 --with-arch-directory=amd64 --with-ecj-jar=/usr/share/java/eclipse-ecj.jar --enable-objc-gc --enable-multiarch --disable-werror --with-arch-32=i686 --with-abi=m64 --with-multilib-list=m32,m64,mx32 --with-tune=generic --enable-checking=release --build=x86_64-linux-gnu --host=x86_64-linux-gnu --target=x86_64-linux-gnu
Thread model: posix
gcc version 4.8.4 (Ubuntu 4.8.4-2ubuntu1~14.04.3) 
configure:3538: $? = 0
configure:3527: gcc -V >&5
gcc: error: unrecognized command line option '-V'
gcc: fatal error: no input files
compilation terminated.
configure:3538: $? = 4
configure:3527: gcc -qversion >&5
gcc: error: unrecognized command line option '-qversion'
gcc: fatal error: no input files
compilation terminated.
configure:3538: $? = 4
configure:3558: checking whether the C compiler works
configure:3580: gcc    conftest.c  >&5
configure:3584: $? = 0
configure:3632: result: yes
configure:3635: checking for C compiler default output file name
configure:3637: result: a.out
configure:3643: checking for suffix of executables
configure:3650: gcc -o conftest    conftest.c  >&5
configure:3654: $? = 0
configure:3676: result: 
configure:3698: checking whether we are cross compiling
configure:3706: gcc -o conftest    conftest.c  >&5
configure:3710: $? = 0
configure:3717: ./conftest
configure:3721: $? = 0
configure:3736: result: no
configure:3741: checking for suffix of object files
configure:3763: gcc -c   conftest.c >&5
configure:3767: $? = 0
configure:3788: result: o
configure:3792: checking whether we are using the GNU C compiler
configure:3811: gcc -c   conftest.c >&5
configure:3811: $? = 0
configure:3820: result: yes
configure:3829: checking whether gcc accepts -g
configure:3849: gcc -c -g  conftest.c >&5
configure:3849: $? = 0
configure:3890: result: yes
configure:3907: checking for gcc option to accept ISO C89
configure:3970: gcc  -c -g -O2  conftest.c >&5
configure:3970: $? = 0
configure:3983: result: none needed
configure:4008: checking whether gcc understands -c and -o together
configure:4030: gcc -c conftest.c -o conftest2.o
configure:4033: $? = 0
configure:4030: gcc -c conftest.c -o conftest2.o
configure:4033: $? = 0
configure:4045: result: yes
configure:4064: checking dependency style of gcc
configure:4175: result: gcc3
configure:4196: checking how to run the C preprocessor
configure:4227: gcc -E  conftest.c
configure:4227: $? = 0
configure:4241: gcc -E  conftest.c
conftest.c:11:28: fatal error: ac_nonexistent.h: No such file or directory
 #include <ac_nonexistent.h>
                            ^
compilation terminated.
configure:4241: $? = 1
configure: failed program was:
| /* confdefs.h */
| #define PACKAGE_NAME "porg"
| #define PACKAGE_TARNAME "porg"
| #define PACKAGE_VERSION "0.10"
| #define PACKAGE_STRING "porg 0.10"
| #define PACKAGE_BUGREPORT "http://porg.sourceforge.net"
| #define PACKAGE_URL ""
| #define PACKAGE "porg"
| #define VERSION "0.10"
| /* end confdefs.h.  */
| #include <ac_nonexistent.h>
configure:4266: result: gcc -E
configure:4286: gcc -E  conftest.c
configure:4286: $? = 0
configure:4300: gcc -E  conftest.c
conftest.c:11:28: fatal error: ac_nonexistent.h: No such file or directory
 #include <ac_nonexistent.h>
                            ^
compilation terminated.
configure:4300: $? = 1
configure: failed program was:
| /* confdefs.h */
| #define PACKAGE_NAME "porg"
| #define PACKAGE_TARNAME "porg"
| #define PACKAGE_VERSION "0.10"
| #define PACKAGE_STRING "porg 0.10"
| #define PACKAGE_BUGREPORT "http://porg.sourceforge.net"
| #define PACKAGE_URL ""
| #define PACKAGE "porg"
| #define VERSION "0.10"
| /* end confdefs.h.  */
| #include <ac_nonexistent.h>
configure:4329: checking for grep that handles long lines and -e
configure:4387: result: /bin/grep
configure:4392: checking for egrep
configure:4454: result: /bin/grep -E
configure:4459: checking for ANSI C header files
configure:4479: gcc -c -g -O2  conftest.c >&5
configure:4479: $? = 0
configure:4552: gcc -o conftest -g -O2   conftest.c  >&5
configure:4552: $? = 0
configure:4552: ./conftest
configure:4552: $? = 0
configure:4563: result: yes
configure:4576: checking for sys/types.h
configure:4576: gcc -c -g -O2  conftest.c >&5
configure:4576: $? = 0
configure:4576: result: yes
configure:4576: checking for sys/stat.h
configure:4576: gcc -c -g -O2  conftest.c >&5
configure:4576: $? = 0
configure:4576: result: yes
configure:4576: checking for stdlib.h
configure:4576: gcc -c -g -O2  conftest.c >&5
configure:4576: $? = 0
configure:4576: result: yes
configure:4576: checking for string.h
configure:4576: gcc -c -g -O2  conftest.c >&5
configure:4576: $? = 0
configure:4576: result: yes
configure:4576: checking for memory.h
configure:4576: gcc -c -g -O2  conftest.c >&5
configure:4576: $? = 0
configure:4576: result: yes
configure:4576: checking for strings.h
configure:4576: gcc -c -g -O2  conftest.c >&5
configure:4576: $? = 0
configure:4576: result: yes
configure:4576: checking for inttypes.h
configure:4576: gcc -c -g -O2  conftest.c >&5
configure:4576: $? = 0
configure:4576: result: yes
configure:4576: checking for stdint.h
configure:4576: gcc -c -g -O2  conftest.c >&5
configure:4576: $? = 0
configure:4576: result: yes
configure:4576: checking for unistd.h
configure:4576: gcc -c -g -O2  conftest.c >&5
configure:4576: $? = 0
configure:4576: result: yes
configure:4589: checking minix/config.h usability
configure:4589: gcc -c -g -O2  conftest.c >&5
conftest.c:54:26: fatal error: minix/config.h: No such file or directory
 #include <minix/config.h>
                          ^
compilation terminated.
configure:4589: $? = 1
configure: failed program was:
| /* confdefs.h */
| #define PACKAGE_NAME "porg"
| #define PACKAGE_TARNAME "porg"
| #define PACKAGE_VERSION "0.10"
| #define PACKAGE_STRING "porg 0.10"
| #define PACKAGE_BUGREPORT "http://porg.sourceforge.net"
| #define PACKAGE_URL ""
| #define PACKAGE "porg"
| #define VERSION "0.10"
| #define STDC_HEADERS 1
| #define HAVE_SYS_TYPES_H 1
| #define HAVE_SYS_STAT_H 1
| #define HAVE_STDLIB_H 1
| #define HAVE_STRING_H 1
| #define HAVE_MEMORY_H 1
| #define HAVE_STRINGS_H 1
| #define HAVE_INTTYPES_H 1
| #define HAVE_STDINT_H 1
| #define HAVE_UNISTD_H 1
| /* end confdefs.h.  */
| #include <stdio.h>
| #ifdef HAVE_SYS_TYPES_H
| # include <sys/types.h>
| #endif
| #ifdef HAVE_SYS_STAT_H
| # include <sys/stat.h>
| #endif
| #ifdef STDC_HEADERS
| # include <stdlib.h>
| # include <stddef.h>
| #else
| # ifdef HAVE_STDLIB_H
| #  include <stdlib.h>
| # endif
| #endif
| #ifdef HAVE_STRING_H
| # if !defined STDC_HEADERS && defined HAVE_MEMORY_H
| #  include <memory.h>
| # endif
| # include <string.h>
| #endif
| #ifdef HAVE_STRINGS_H
| # include <strings.h>
| #endif
| #ifdef HAVE_INTTYPES_H
| # include <inttypes.h>
| #endif
| #ifdef HAVE_STDINT_H
| # include <stdint.h>
| #endif
| #ifdef HAVE_UNISTD_H
| # include <unistd.h>
| #endif
| #include <minix/config.h>
configure:4589: result: no
configure:4589: checking minix/config.h presence
configure:4589: gcc -E  conftest.c
conftest.c:21:26: fatal error: minix/config.h: No such file or directory
 #include <minix/config.h>
                          ^
compilation terminated.
configure:4589: $? = 1
configure: failed program was:
| /* confdefs.h */
| #define PACKAGE_NAME "porg"
| #define PACKAGE_TARNAME "porg"
| #define PACKAGE_VERSION "0.10"
| #define PACKAGE_STRING "porg 0.10"
| #define PACKAGE_BUGREPORT "http://porg.sourceforge.net"
| #define PACKAGE_URL ""
| #define PACKAGE "porg"
| #define VERSION "0.10"
| #define STDC_HEADERS 1
| #define HAVE_SYS_TYPES_H 1
| #define HAVE_SYS_STAT_H 1
| #define HAVE_STDLIB_H 1
| #define HAVE_STRING_H 1
| #define HAVE_MEMORY_H 1
| #define HAVE_STRINGS_H 1
| #define HAVE_INTTYPES_H 1
| #define HAVE_STDINT_H 1
| #define HAVE_UNISTD_H 1
| /* end confdefs.h.  */
| #include <minix/config.h>
configure:4589: result: no
configure:4589: checking for minix/config.h
configure:4589: result: no
configure:4610: checking whether it is safe to define __EXTENSIONS__
configure:4628: gcc -c -g -O2  conftest.c >&5
configure:4628: $? = 0
configure:4635: result: yes
configure:4770: checking for ar
configure:4786: found /usr/bin/ar
configure:4797: result: ar
configure:4823: checking the archiver (ar) interface
configure:4839: gcc -c -g -O2  conftest.c >&5
configure:4839: $? = 0
configure:4841: ar cru libconftest.a conftest.o >&5
configure:4844: $? = 0
configure:4872: result: ar
configure:4921: checking build system type
configure:4935: result: x86_64-pc-linux-gnu
configure:4955: checking host system type
configure:4968: result: x86_64-pc-linux-gnu
configure:5009: checking how to print strings
configure:5036: result: printf
configure:5057: checking for a sed that does not truncate output
configure:5121: result: /bin/sed
configure:5139: checking for fgrep
configure:5201: result: /bin/grep -F
configure:5236: checking for ld used by gcc
configure:5303: result: /usr/bin/ld
configure:5310: checking if the linker (/usr/bin/ld) is GNU ld
configure:5325: result: yes
configure:5337: checking for BSD- or MS-compatible name lister (nm)
configure:5391: result: /usr/bin/nm -B
configure:5521: checking the name lister (/usr/bin/nm -B) interface
configure:5528: gcc -c -g -O2  conftest.c >&5
configure:5531: /usr/bin/nm -B "conftest.o"
configure:5534: output
0000000000000000 B some_variable
configure:5541: result: BSD nm
configure:5544: checking whether ln -s works
configure:5548: result: yes
configure:5556: checking the maximum length of command line arguments
configure:5687: result: 1572864
configure:5735: checking how to convert x86_64-pc-linux-gnu file names to x86_64-pc-linux-gnu format
configure:5775: result: func_convert_file_noop
configure:5782: checking how to convert x86_64-pc-linux-gnu file names to toolchain format
configure:5802: result: func_convert_file_noop
configure:5809: checking for /usr/bin/ld option to reload object files
configure:5816: result: -r
configure:5890: checking for objdump
configure:5906: found /usr/bin/objdump
configure:5917: result: objdump
configure:5949: checking how to recognize dependent libraries
configure:6149: result: pass_all
configure:6234: checking for dlltool
configure:6264: result: no
configure:6294: checking how to associate runtime and link libraries
configure:6321: result: printf %s\n
configure:6445: checking for archiver @FILE support
configure:6462: gcc -c -g -O2  conftest.c >&5
configure:6462: $? = 0
configure:6465: ar cru libconftest.a @conftest.lst >&5
configure:6468: $? = 0
configure:6473: ar cru libconftest.a @conftest.lst >&5
ar: conftest.o: No such file or directory
configure:6476: $? = 1
configure:6488: result: @
configure:6546: checking for strip
configure:6562: found /usr/bin/strip
configure:6573: result: strip
configure:6645: checking for ranlib
configure:6661: found /usr/bin/ranlib
configure:6672: result: ranlib
configure:6774: checking command to parse /usr/bin/nm -B output from gcc object
configure:6927: gcc -c -g -O2  conftest.c >&5
configure:6930: $? = 0
configure:6934: /usr/bin/nm -B conftest.o \| sed -n -e 's/^.*[ ]\([ABCDGIRSTW][ABCDGIRSTW]*\)[ ][ ]*\([_A-Za-z][_A-Za-z0-9]*\)$/\1 \2 \2/p' | sed '/ __gnu_lto/d' \> conftest.nm
configure:6937: $? = 0
configure:7003: gcc -o conftest -g -O2   conftest.c conftstm.o >&5
configure:7006: $? = 0
configure:7044: result: ok
configure:7091: checking for sysroot
configure:7121: result: no
configure:7128: checking for a working dd
configure:7166: result: /bin/dd
configure:7170: checking how to truncate binary pipes
configure:7185: result: /bin/dd bs=4096 count=1
configure:7321: gcc -c -g -O2  conftest.c >&5
configure:7324: $? = 0
configure:7514: checking for mt
configure:7530: found /bin/mt
configure:7541: result: mt
configure:7564: checking if mt is a manifest tool
configure:7570: mt '-?'
configure:7578: result: no
configure:8252: checking for dlfcn.h
configure:8252: gcc -c -g -O2  conftest.c >&5
configure:8252: $? = 0
configure:8252: result: yes
configure:8508: checking for objdir
configure:8523: result: .libs
configure:8787: checking if gcc supports -fno-rtti -fno-exceptions
configure:8805: gcc -c -g -O2  -fno-rtti -fno-exceptions conftest.c >&5
cc1: warning: command line option '-fno-rtti' is valid for C++/ObjC++ but not for C [enabled by default]
configure:8809: $? = 0
configure:8822: result: no
configure:9180: checking for gcc option to produce PIC
configure:9187: result: -fPIC -DPIC
configure:9195: checking if gcc PIC flag -fPIC -DPIC works
configure:9213: gcc -c -g -O2  -fPIC -DPIC -DPIC conftest.c >&5
configure:9217: $? = 0
configure:9230: result: yes
configure:9259: checking if gcc static flag -static works
configure:9287: result: yes
configure:9302: checking if gcc supports -c -o file.o
configure:9323: gcc -c -g -O2  -o out/conftest2.o conftest.c >&5
configure:9327: $? = 0
configure:9349: result: yes
configure:9357: checking if gcc supports -c -o file.o
configure:9404: result: yes
configure:9437: checking whether the gcc linker (/usr/bin/ld -m elf_x86_64) supports shared libraries
configure:10700: result: yes
configure:10737: checking whether -lc should be explicitly linked in
configure:10745: gcc -c -g -O2  conftest.c >&5
configure:10748: $? = 0
configure:10763: gcc -shared  -fPIC -DPIC conftest.o  -v -Wl,-soname -Wl,conftest -o conftest 2\>\&1 \| /bin/grep  -lc  \>/dev/null 2\>\&1
configure:10766: $? = 0
configure:10780: result: no
configure:10940: checking dynamic linker characteristics
configure:11521: gcc -o conftest -g -O2   -Wl,-rpath -Wl,/foo conftest.c  >&5
configure:11521: $? = 0
configure:11770: result: GNU/Linux ld.so
configure:11892: checking how to hardcode library paths into programs
configure:11917: result: immediate
configure:12465: checking whether stripping libraries is possible
configure:12470: result: yes
configure:12505: checking if libtool supports shared libraries
configure:12507: result: yes
configure:12510: checking whether to build shared libraries
configure:12535: result: yes
configure:12538: checking whether to build static libraries
configure:12542: result: yes
configure:12579: checking for a sed that does not truncate output
configure:12643: result: /bin/sed
configure:12696: checking for gcc
configure:12723: result: gcc
configure:12952: checking for C compiler version
configure:12961: gcc --version >&5
gcc (Ubuntu 4.8.4-2ubuntu1~14.04.3) 4.8.4
Copyright (C) 2013 Free Software Foundation, Inc.
This is free software; see the source for copying conditions.  There is NO
warranty; not even for MERCHANTABILITY or FITNESS FOR A PARTICULAR PURPOSE.

configure:12972: $? = 0
configure:12961: gcc -v >&5
Using built-in specs.
COLLECT_GCC=gcc
COLLECT_LTO_WRAPPER=/usr/lib/gcc/x86_64-linux-gnu/4.8/lto-wrapper
Target: x86_64-linux-gnu
Configured with: ../src/configure -v --with-pkgversion='Ubuntu 4.8.4-2ubuntu1~14.04.3' --with-bugurl=file:///usr/share/doc/gcc-4.8/README.Bugs --enable-languages=c,c++,java,go,d,fortran,objc,obj-c++ --prefix=/usr --program-suffix=-4.8 --enable-shared --enable-linker-build-id --libexecdir=/usr/lib --without-included-gettext --enable-threads=posix --with-gxx-include-dir=/usr/include/c++/4.8 --libdir=/usr/lib --enable-nls --with-sysroot=/ --enable-clocale=gnu --enable-libstdcxx-debug --enable-libstdcxx-time=yes --enable-gnu-unique-object --disable-libmudflap --enable-plugin --with-system-zlib --disable-browser-plugin --enable-java-awt=gtk --enable-gtk-cairo --with-java-home=/usr/lib/jvm/java-1.5.0-gcj-4.8-amd64/jre --enable-java-home --with-jvm-root-dir=/usr/lib/jvm/java-1.5.0-gcj-4.8-amd64 --with-jvm-jar-dir=/usr/lib/jvm-exports/java-1.5.0-gcj-4.8-amd64 --with-arch-directory=amd64 --with-ecj-jar=/usr/share/java/eclipse-ecj.jar --enable-objc-gc --enable-multiarch --disable-werror --with-arch-32=i686 --with-abi=m64 --with-multilib-list=m32,m64,mx32 --with-tune=generic --enable-checking=release --build=x86_64-linux-gnu --host=x86_64-linux-gnu --target=x86_64-linux-gnu
Thread model: posix
gcc version 4.8.4 (Ubuntu 4.8.4-2ubuntu1~14.04.3) 
configure:12972: $? = 0
configure:12961: gcc -V >&5
gcc: error: unrecognized command line option '-V'
gcc: fatal error: no input files
compilation terminated.
configure:12972: $? = 4
configure:12961: gcc -qversion >&5
gcc: error: unrecognized command line option '-qversion'
gcc: fatal error: no input files
compilation terminated.
configure:12972: $? = 4
configure:12976: checking whether we are using the GNU C compiler
configure:13004: result: yes
configure:13013: checking whether gcc accepts -g
configure:13074: result: yes
configure:13091: checking for gcc option to accept ISO C89
configure:13167: result: none needed
configure:13192: checking whether gcc understands -c and -o together
configure:13229: result: yes
configure:13248: checking dependency style of gcc
configure:13359: result: gcc3
configure:13432: checking for g++
configure:13448: found /usr/bin/g++
configure:13459: result: g++
configure:13486: checking for C++ compiler version
configure:13495: g++ --version >&5
g++ (Ubuntu 4.8.4-2ubuntu1~14.04.3) 4.8.4
Copyright (C) 2013 Free Software Foundation, Inc.
This is free software; see the source for copying conditions.  There is NO
warranty; not even for MERCHANTABILITY or FITNESS FOR A PARTICULAR PURPOSE.

configure:13506: $? = 0
configure:13495: g++ -v >&5
Using built-in specs.
COLLECT_GCC=g++
COLLECT_LTO_WRAPPER=/usr/lib/gcc/x86_64-linux-gnu/4.8/lto-wrapper
Target: x86_64-linux-gnu
Configured with: ../src/configure -v --with-pkgversion='Ubuntu 4.8.4-2ubuntu1~14.04.3' --with-bugurl=file:///usr/share/doc/gcc-4.8/README.Bugs --enable-languages=c,c++,java,go,d,fortran,objc,obj-c++ --prefix=/usr --program-suffix=-4.8 --enable-shared --enable-linker-build-id --libexecdir=/usr/lib --without-included-gettext --enable-threads=posix --with-gxx-include-dir=/usr/include/c++/4.8 --libdir=/usr/lib --enable-nls --with-sysroot=/ --enable-clocale=gnu --enable-libstdcxx-debug --enable-libstdcxx-time=yes --enable-gnu-unique-object --disable-libmudflap --enable-plugin --with-system-zlib --disable-browser-plugin --enable-java-awt=gtk --enable-gtk-cairo --with-java-home=/usr/lib/jvm/java-1.5.0-gcj-4.8-amd64/jre --enable-java-home --with-jvm-root-dir=/usr/lib/jvm/java-1.5.0-gcj-4.8-amd64 --with-jvm-jar-dir=/usr/lib/jvm-exports/java-1.5.0-gcj-4.8-amd64 --with-arch-directory=amd64 --with-ecj-jar=/usr/share/java/eclipse-ecj.jar --enable-objc-gc --enable-multiarch --disable-werror --with-arch-32=i686 --with-abi=m64 --with-multilib-list=m32,m64,mx32 --with-tune=generic --enable-checking=release --build=x86_64-linux-gnu --host=x86_64-linux-gnu --target=x86_64-linux-gnu
Thread model: posix
gcc version 4.8.4 (Ubuntu 4.8.4-2ubuntu1~14.04.3) 
configure:13506: $? = 0
configure:13495: g++ -V >&5
g++: error: unrecognized command line option '-V'
g++: fatal error: no input files
compilation terminated.
configure:13506: $? = 4
configure:13495: g++ -qversion >&5
g++: error: unrecognized command line option '-qversion'
g++: fatal error: no input files
compilation terminated.
configure:13506: $? = 4
configure:13510: checking whether we are using the GNU C++ compiler
configure:13529: g++ -c   conftest.cpp >&5
configure:13529: $? = 0
configure:13538: result: yes
configure:13547: checking whether g++ accepts -g
configure:13567: g++ -c -g  conftest.cpp >&5
configure:13567: $? = 0
configure:13608: result: yes
configure:13633: checking dependency style of g++
configure:13744: result: gcc3
configure:13777: checking how to run the C++ preprocessor
configure:13804: g++ -E  conftest.cpp
configure:13804: $? = 0
configure:13818: g++ -E  conftest.cpp
conftest.cpp:32:28: fatal error: ac_nonexistent.h: No such file or directory
 #include <ac_nonexistent.h>
                            ^
compilation terminated.
configure:13818: $? = 1
configure: failed program was:
| /* confdefs.h */
| #define PACKAGE_NAME "porg"
| #define PACKAGE_TARNAME "porg"
| #define PACKAGE_VERSION "0.10"
| #define PACKAGE_STRING "porg 0.10"
| #define PACKAGE_BUGREPORT "http://porg.sourceforge.net"
| #define PACKAGE_URL ""
| #define PACKAGE "porg"
| #define VERSION "0.10"
| #define STDC_HEADERS 1
| #define HAVE_SYS_TYPES_H 1
| #define HAVE_SYS_STAT_H 1
| #define HAVE_STDLIB_H 1
| #define HAVE_STRING_H 1
| #define HAVE_MEMORY_H 1
| #define HAVE_STRINGS_H 1
| #define HAVE_INTTYPES_H 1
| #define HAVE_STDINT_H 1
| #define HAVE_UNISTD_H 1
| #define __EXTENSIONS__ 1
| #define _ALL_SOURCE 1
| #define _GNU_SOURCE 1
| #define _POSIX_PTHREAD_SEMANTICS 1
| #define _TANDEM_SOURCE 1
| #define NDEBUG 1
| #define RELEASEDATE "17 May 2016"
| #define EXCLUDE "/tmp:/dev:/proc:/sys:/run"
| #define LOGDIR "/var/log/porg"
| #define HAVE_DLFCN_H 1
| #define LT_OBJDIR ".libs/"
| /* end confdefs.h.  */
| #include <ac_nonexistent.h>
configure:13843: result: g++ -E
configure:13863: g++ -E  conftest.cpp
configure:13863: $? = 0
configure:13877: g++ -E  conftest.cpp
conftest.cpp:32:28: fatal error: ac_nonexistent.h: No such file or directory
 #include <ac_nonexistent.h>
                            ^
compilation terminated.
configure:13877: $? = 1
configure: failed program was:
| /* confdefs.h */
| #define PACKAGE_NAME "porg"
| #define PACKAGE_TARNAME "porg"
| #define PACKAGE_VERSION "0.10"
| #define PACKAGE_STRING "porg 0.10"
| #define PACKAGE_BUGREPORT "http://porg.sourceforge.net"
| #define PACKAGE_URL ""
| #define PACKAGE "porg"
| #define VERSION "0.10"
| #define STDC_HEADERS 1
| #define HAVE_SYS_TYPES_H 1
| #define HAVE_SYS_STAT_H 1
| #define HAVE_STDLIB_H 1
| #define HAVE_STRING_H 1
| #define HAVE_MEMORY_H 1
| #define HAVE_STRINGS_H 1
| #define HAVE_INTTYPES_H 1
| #define HAVE_STDINT_H 1
| #define HAVE_UNISTD_H 1
| #define __EXTENSIONS__ 1
| #define _ALL_SOURCE 1
| #define _GNU_SOURCE 1
| #define _POSIX_PTHREAD_SEMANTICS 1
| #define _TANDEM_SOURCE 1
| #define NDEBUG 1
| #define RELEASEDATE "17 May 2016"
| #define EXCLUDE "/tmp:/dev:/proc:/sys:/run"
| #define LOGDIR "/var/log/porg"
| #define HAVE_DLFCN_H 1
| #define LT_OBJDIR ".libs/"
| /* end confdefs.h.  */
| #include <ac_nonexistent.h>
configure:14039: checking for ld used by g++
configure:14106: result: /usr/bin/ld -m elf_x86_64
configure:14113: checking if the linker (/usr/bin/ld -m elf_x86_64) is GNU ld
configure:14128: result: yes
configure:14183: checking whether the g++ linker (/usr/bin/ld -m elf_x86_64) supports shared libraries
configure:15256: result: yes
configure:15292: g++ -c -g -O2  conftest.cpp >&5
configure:15295: $? = 0
configure:15776: checking for g++ option to produce PIC
configure:15783: result: -fPIC -DPIC
configure:15791: checking if g++ PIC flag -fPIC -DPIC works
configure:15809: g++ -c -g -O2  -fPIC -DPIC -DPIC conftest.cpp >&5
configure:15813: $? = 0
configure:15826: result: yes
configure:15849: checking if g++ static flag -static works
configure:15877: result: yes
configure:15889: checking if g++ supports -c -o file.o
configure:15910: g++ -c -g -O2  -o out/conftest2.o conftest.cpp >&5
configure:15914: $? = 0
configure:15936: result: yes
configure:15941: checking if g++ supports -c -o file.o
configure:15988: result: yes
configure:16018: checking whether the g++ linker (/usr/bin/ld -m elf_x86_64) supports shared libraries
configure:16061: result: yes
configure:16202: checking dynamic linker characteristics
configure:16959: result: GNU/Linux ld.so
configure:17024: checking how to hardcode library paths into programs
configure:17049: result: immediate
configure:17095: checking for library containing dlopen
configure:17126: gcc -o conftest -g -O2   conftest.c  >&5
/tmp/ccvxGruD.o: In function `main':
/home/admin/porg/conftest.c:43: undefined reference to `dlopen'
collect2: error: ld returned 1 exit status
configure:17126: $? = 1
configure: failed program was:
| /* confdefs.h */
| #define PACKAGE_NAME "porg"
| #define PACKAGE_TARNAME "porg"
| #define PACKAGE_VERSION "0.10"
| #define PACKAGE_STRING "porg 0.10"
| #define PACKAGE_BUGREPORT "http://porg.sourceforge.net"
| #define PACKAGE_URL ""
| #define PACKAGE "porg"
| #define VERSION "0.10"
| #define STDC_HEADERS 1
| #define HAVE_SYS_TYPES_H 1
| #define HAVE_SYS_STAT_H 1
| #define HAVE_STDLIB_H 1
| #define HAVE_STRING_H 1
| #define HAVE_MEMORY_H 1
| #define HAVE_STRINGS_H 1
| #define HAVE_INTTYPES_H 1
| #define HAVE_STDINT_H 1
| #define HAVE_UNISTD_H 1
| #define __EXTENSIONS__ 1
| #define _ALL_SOURCE 1
| #define _GNU_SOURCE 1
| #define _POSIX_PTHREAD_SEMANTICS 1
| #define _TANDEM_SOURCE 1
| #define NDEBUG 1
| #define RELEASEDATE "17 May 2016"
| #define EXCLUDE "/tmp:/dev:/proc:/sys:/run"
| #define LOGDIR "/var/log/porg"
| #define HAVE_DLFCN_H 1
| #define LT_OBJDIR ".libs/"
| /* end confdefs.h.  */
| 
| /* Override any GCC internal prototype to avoid an error.
|    Use char because int might match the return type of a GCC
|    builtin and then its argument prototype would still apply.  */
| #ifdef __cplusplus
| extern "C"
| #endif
| char dlopen ();
| int
| main ()
| {
| return dlopen ();
|   ;
|   return 0;
| }
configure:17126: gcc -o conftest -g -O2   conftest.c -ldl   >&5
configure:17126: $? = 0
configure:17143: result: -ldl
configure:17378: checking for size_t
configure:17378: gcc -c -g -O2  conftest.c >&5
configure:17378: $? = 0
configure:17378: gcc -c -g -O2  conftest.c >&5
conftest.c: In function 'main':
conftest.c:68:21: error: expected expression before ')' token
 if (sizeof ((size_t)))
                     ^
configure:17378: $? = 1
configure: failed program was:
| /* confdefs.h */
| #define PACKAGE_NAME "porg"
| #define PACKAGE_TARNAME "porg"
| #define PACKAGE_VERSION "0.10"
| #define PACKAGE_STRING "porg 0.10"
| #define PACKAGE_BUGREPORT "http://porg.sourceforge.net"
| #define PACKAGE_URL ""
| #define PACKAGE "porg"
| #define VERSION "0.10"
| #define STDC_HEADERS 1
| #define HAVE_SYS_TYPES_H 1
| #define HAVE_SYS_STAT_H 1
| #define HAVE_STDLIB_H 1
| #define HAVE_STRING_H 1
| #define HAVE_MEMORY_H 1
| #define HAVE_STRINGS_H 1
| #define HAVE_INTTYPES_H 1
| #define HAVE_STDINT_H 1
| #define HAVE_UNISTD_H 1
| #define __EXTENSIONS__ 1
| #define _ALL_SOURCE 1
| #define _GNU_SOURCE 1
| #define _POSIX_PTHREAD_SEMANTICS 1
| #define _TANDEM_SOURCE 1
| #define NDEBUG 1
| #define RELEASEDATE "17 May 2016"
| #define EXCLUDE "/tmp:/dev:/proc:/sys:/run"
| #define LOGDIR "/var/log/porg"
| #define HAVE_DLFCN_H 1
| #define LT_OBJDIR ".libs/"
| /* end confdefs.h.  */
| #include <stdio.h>
| #ifdef HAVE_SYS_TYPES_H
| # include <sys/types.h>
| #endif
| #ifdef HAVE_SYS_STAT_H
| # include <sys/stat.h>
| #endif
| #ifdef STDC_HEADERS
| # include <stdlib.h>
| # include <stddef.h>
| #else
| # ifdef HAVE_STDLIB_H
| #  include <stdlib.h>
| # endif
| #endif
| #ifdef HAVE_STRING_H
| # if !defined STDC_HEADERS && defined HAVE_MEMORY_H
| #  include <memory.h>
| # endif
| # include <string.h>
| #endif
| #ifdef HAVE_STRINGS_H
| # include <strings.h>
| #endif
| #ifdef HAVE_INTTYPES_H
| # include <inttypes.h>
| #endif
| #ifdef HAVE_STDINT_H
| # include <stdint.h>
| #endif
| #ifdef HAVE_UNISTD_H
| # include <unistd.h>
| #endif
| int
| main ()
| {
| if (sizeof ((size_t)))
| 	    return 0;
|   ;
|   return 0;
| }
configure:17378: result: yes
configure:17390: checking for uint
configure:17390: gcc -c -g -O2  conftest.c >&5
configure:17390: $? = 0
configure:17390: gcc -c -g -O2  conftest.c >&5
conftest.c: In function 'main':
conftest.c:68:19: error: expected expression before ')' token
 if (sizeof ((uint)))
                   ^
configure:17390: $? = 1
configure: failed program was:
| /* confdefs.h */
| #define PACKAGE_NAME "porg"
| #define PACKAGE_TARNAME "porg"
| #define PACKAGE_VERSION "0.10"
| #define PACKAGE_STRING "porg 0.10"
| #define PACKAGE_BUGREPORT "http://porg.sourceforge.net"
| #define PACKAGE_URL ""
| #define PACKAGE "porg"
| #define VERSION "0.10"
| #define STDC_HEADERS 1
| #define HAVE_SYS_TYPES_H 1
| #define HAVE_SYS_STAT_H 1
| #define HAVE_STDLIB_H 1
| #define HAVE_STRING_H 1
| #define HAVE_MEMORY_H 1
| #define HAVE_STRINGS_H 1
| #define HAVE_INTTYPES_H 1
| #define HAVE_STDINT_H 1
| #define HAVE_UNISTD_H 1
| #define __EXTENSIONS__ 1
| #define _ALL_SOURCE 1
| #define _GNU_SOURCE 1
| #define _POSIX_PTHREAD_SEMANTICS 1
| #define _TANDEM_SOURCE 1
| #define NDEBUG 1
| #define RELEASEDATE "17 May 2016"
| #define EXCLUDE "/tmp:/dev:/proc:/sys:/run"
| #define LOGDIR "/var/log/porg"
| #define HAVE_DLFCN_H 1
| #define LT_OBJDIR ".libs/"
| /* end confdefs.h.  */
| #include <stdio.h>
| #ifdef HAVE_SYS_TYPES_H
| # include <sys/types.h>
| #endif
| #ifdef HAVE_SYS_STAT_H
| # include <sys/stat.h>
| #endif
| #ifdef STDC_HEADERS
| # include <stdlib.h>
| # include <stddef.h>
| #else
| # ifdef HAVE_STDLIB_H
| #  include <stdlib.h>
| # endif
| #endif
| #ifdef HAVE_STRING_H
| # if !defined STDC_HEADERS && defined HAVE_MEMORY_H
| #  include <memory.h>
| # endif
| # include <string.h>
| #endif
| #ifdef HAVE_STRINGS_H
| # include <strings.h>
| #endif
| #ifdef HAVE_INTTYPES_H
| # include <inttypes.h>
| #endif
| #ifdef HAVE_STDINT_H
| # include <stdint.h>
| #endif
| #ifdef HAVE_UNISTD_H
| # include <unistd.h>
| #endif
| int
| main ()
| {
| if (sizeof ((uint)))
| 	    return 0;
|   ;
|   return 0;
| }
configure:17390: result: yes
configure:17401: checking for ulong
configure:17401: gcc -c -g -O2  conftest.c >&5
configure:17401: $? = 0
configure:17401: gcc -c -g -O2  conftest.c >&5
conftest.c: In function 'main':
conftest.c:68:20: error: expected expression before ')' token
 if (sizeof ((ulong)))
                    ^
configure:17401: $? = 1
configure: failed program was:
| /* confdefs.h */
| #define PACKAGE_NAME "porg"
| #define PACKAGE_TARNAME "porg"
| #define PACKAGE_VERSION "0.10"
| #define PACKAGE_STRING "porg 0.10"
| #define PACKAGE_BUGREPORT "http://porg.sourceforge.net"
| #define PACKAGE_URL ""
| #define PACKAGE "porg"
| #define VERSION "0.10"
| #define STDC_HEADERS 1
| #define HAVE_SYS_TYPES_H 1
| #define HAVE_SYS_STAT_H 1
| #define HAVE_STDLIB_H 1
| #define HAVE_STRING_H 1
| #define HAVE_MEMORY_H 1
| #define HAVE_STRINGS_H 1
| #define HAVE_INTTYPES_H 1
| #define HAVE_STDINT_H 1
| #define HAVE_UNISTD_H 1
| #define __EXTENSIONS__ 1
| #define _ALL_SOURCE 1
| #define _GNU_SOURCE 1
| #define _POSIX_PTHREAD_SEMANTICS 1
| #define _TANDEM_SOURCE 1
| #define NDEBUG 1
| #define RELEASEDATE "17 May 2016"
| #define EXCLUDE "/tmp:/dev:/proc:/sys:/run"
| #define LOGDIR "/var/log/porg"
| #define HAVE_DLFCN_H 1
| #define LT_OBJDIR ".libs/"
| /* end confdefs.h.  */
| #include <stdio.h>
| #ifdef HAVE_SYS_TYPES_H
| # include <sys/types.h>
| #endif
| #ifdef HAVE_SYS_STAT_H
| # include <sys/stat.h>
| #endif
| #ifdef STDC_HEADERS
| # include <stdlib.h>
| # include <stddef.h>
| #else
| # ifdef HAVE_STDLIB_H
| #  include <stdlib.h>
| # endif
| #endif
| #ifdef HAVE_STRING_H
| # if !defined STDC_HEADERS && defined HAVE_MEMORY_H
| #  include <memory.h>
| # endif
| # include <string.h>
| #endif
| #ifdef HAVE_STRINGS_H
| # include <strings.h>
| #endif
| #ifdef HAVE_INTTYPES_H
| # include <inttypes.h>
| #endif
| #ifdef HAVE_STDINT_H
| # include <stdint.h>
| #endif
| #ifdef HAVE_UNISTD_H
| # include <unistd.h>
| #endif
| int
| main ()
| {
| if (sizeof ((ulong)))
| 	    return 0;
|   ;
|   return 0;
| }
configure:17401: result: yes
configure:17412: checking for ino_t
configure:17412: gcc -c -g -O2  conftest.c >&5
configure:17412: $? = 0
configure:17412: gcc -c -g -O2  conftest.c >&5
conftest.c: In function 'main':
conftest.c:68:20: error: expected expression before ')' token
 if (sizeof ((ino_t)))
                    ^
configure:17412: $? = 1
configure: failed program was:
| /* confdefs.h */
| #define PACKAGE_NAME "porg"
| #define PACKAGE_TARNAME "porg"
| #define PACKAGE_VERSION "0.10"
| #define PACKAGE_STRING "porg 0.10"
| #define PACKAGE_BUGREPORT "http://porg.sourceforge.net"
| #define PACKAGE_URL ""
| #define PACKAGE "porg"
| #define VERSION "0.10"
| #define STDC_HEADERS 1
| #define HAVE_SYS_TYPES_H 1
| #define HAVE_SYS_STAT_H 1
| #define HAVE_STDLIB_H 1
| #define HAVE_STRING_H 1
| #define HAVE_MEMORY_H 1
| #define HAVE_STRINGS_H 1
| #define HAVE_INTTYPES_H 1
| #define HAVE_STDINT_H 1
| #define HAVE_UNISTD_H 1
| #define __EXTENSIONS__ 1
| #define _ALL_SOURCE 1
| #define _GNU_SOURCE 1
| #define _POSIX_PTHREAD_SEMANTICS 1
| #define _TANDEM_SOURCE 1
| #define NDEBUG 1
| #define RELEASEDATE "17 May 2016"
| #define EXCLUDE "/tmp:/dev:/proc:/sys:/run"
| #define LOGDIR "/var/log/porg"
| #define HAVE_DLFCN_H 1
| #define LT_OBJDIR ".libs/"
| /* end confdefs.h.  */
| #include <stdio.h>
| #ifdef HAVE_SYS_TYPES_H
| # include <sys/types.h>
| #endif
| #ifdef HAVE_SYS_STAT_H
| # include <sys/stat.h>
| #endif
| #ifdef STDC_HEADERS
| # include <stdlib.h>
| # include <stddef.h>
| #else
| # ifdef HAVE_STDLIB_H
| #  include <stdlib.h>
| # endif
| #endif
| #ifdef HAVE_STRING_H
| # if !defined STDC_HEADERS && defined HAVE_MEMORY_H
| #  include <memory.h>
| # endif
| # include <string.h>
| #endif
| #ifdef HAVE_STRINGS_H
| # include <strings.h>
| #endif
| #ifdef HAVE_INTTYPES_H
| # include <inttypes.h>
| #endif
| #ifdef HAVE_STDINT_H
| # include <stdint.h>
| #endif
| #ifdef HAVE_UNISTD_H
| # include <unistd.h>
| #endif
| int
| main ()
| {
| if (sizeof ((ino_t)))
| 	    return 0;
|   ;
|   return 0;
| }
configure:17412: result: yes
configure:17459: checking for openat
configure:17459: gcc -o conftest -g -O2   conftest.c -ldl  >&5
configure:17459: $? = 0
configure:17459: result: yes
configure:17459: checking for renameat
configure:17459: gcc -o conftest -g -O2   conftest.c -ldl  >&5
configure:17459: $? = 0
configure:17459: result: yes
configure:17459: checking for linkat
configure:17459: gcc -o conftest -g -O2   conftest.c -ldl  >&5
configure:17459: $? = 0
configure:17459: result: yes
configure:17459: checking for symlinkat
configure:17459: gcc -o conftest -g -O2   conftest.c -ldl  >&5
configure:17459: $? = 0
configure:17459: result: yes
configure:17459: checking for open64
configure:17459: gcc -o conftest -g -O2   conftest.c -ldl  >&5
configure:17459: $? = 0
configure:17459: result: yes
configure:17459: checking for creat64
configure:17459: gcc -o conftest -g -O2   conftest.c -ldl  >&5
configure:17459: $? = 0
configure:17459: result: yes
configure:17459: checking for fopen64
configure:17459: gcc -o conftest -g -O2   conftest.c -ldl  >&5
configure:17459: $? = 0
configure:17459: result: yes
configure:17459: checking for freopen64
configure:17459: gcc -o conftest -g -O2   conftest.c -ldl  >&5
configure:17459: $? = 0
configure:17459: result: yes
configure:17459: checking for openat64
configure:17459: gcc -o conftest -g -O2   conftest.c -ldl  >&5
configure:17459: $? = 0
configure:17459: result: yes
configure:17488: checking whether __open is declared
configure:17488: gcc -c -g -O2  conftest.c >&5
conftest.c: In function 'main':
conftest.c:50:10: error: '__open' undeclared (first use in this function)
   (void) __open;
          ^
conftest.c:50:10: note: each undeclared identifier is reported only once for each function it appears in
configure:17488: $? = 1
configure: failed program was:
| /* confdefs.h */
| #define PACKAGE_NAME "porg"
| #define PACKAGE_TARNAME "porg"
| #define PACKAGE_VERSION "0.10"
| #define PACKAGE_STRING "porg 0.10"
| #define PACKAGE_BUGREPORT "http://porg.sourceforge.net"
| #define PACKAGE_URL ""
| #define PACKAGE "porg"
| #define VERSION "0.10"
| #define STDC_HEADERS 1
| #define HAVE_SYS_TYPES_H 1
| #define HAVE_SYS_STAT_H 1
| #define HAVE_STDLIB_H 1
| #define HAVE_STRING_H 1
| #define HAVE_MEMORY_H 1
| #define HAVE_STRINGS_H 1
| #define HAVE_INTTYPES_H 1
| #define HAVE_STDINT_H 1
| #define HAVE_UNISTD_H 1
| #define __EXTENSIONS__ 1
| #define _ALL_SOURCE 1
| #define _GNU_SOURCE 1
| #define _POSIX_PTHREAD_SEMANTICS 1
| #define _TANDEM_SOURCE 1
| #define NDEBUG 1
| #define RELEASEDATE "17 May 2016"
| #define EXCLUDE "/tmp:/dev:/proc:/sys:/run"
| #define LOGDIR "/var/log/porg"
| #define HAVE_DLFCN_H 1
| #define LT_OBJDIR ".libs/"
| #define HAVE_OPENAT 1
| #define HAVE_RENAMEAT 1
| #define HAVE_LINKAT 1
| #define HAVE_SYMLINKAT 1
| #define HAVE_OPEN64 1
| #define HAVE_CREAT64 1
| #define HAVE_FOPEN64 1
| #define HAVE_FREOPEN64 1
| #define HAVE_OPENAT64 1
| /* end confdefs.h.  */
| #include <fcntl.h>
| 
| int
| main ()
| {
| #ifndef __open
| #ifdef __cplusplus
|   (void) __open;
| #else
|   (void) __open;
| #endif
| #endif
| 
|   ;
|   return 0;
| }
configure:17488: result: no
configure:17499: checking whether __open64 is declared
configure:17499: gcc -c -g -O2  conftest.c >&5
conftest.c: In function 'main':
conftest.c:51:10: error: '__open64' undeclared (first use in this function)
   (void) __open64;
          ^
conftest.c:51:10: note: each undeclared identifier is reported only once for each function it appears in
configure:17499: $? = 1
configure: failed program was:
| /* confdefs.h */
| #define PACKAGE_NAME "porg"
| #define PACKAGE_TARNAME "porg"
| #define PACKAGE_VERSION "0.10"
| #define PACKAGE_STRING "porg 0.10"
| #define PACKAGE_BUGREPORT "http://porg.sourceforge.net"
| #define PACKAGE_URL ""
| #define PACKAGE "porg"
| #define VERSION "0.10"
| #define STDC_HEADERS 1
| #define HAVE_SYS_TYPES_H 1
| #define HAVE_SYS_STAT_H 1
| #define HAVE_STDLIB_H 1
| #define HAVE_STRING_H 1
| #define HAVE_MEMORY_H 1
| #define HAVE_STRINGS_H 1
| #define HAVE_INTTYPES_H 1
| #define HAVE_STDINT_H 1
| #define HAVE_UNISTD_H 1
| #define __EXTENSIONS__ 1
| #define _ALL_SOURCE 1
| #define _GNU_SOURCE 1
| #define _POSIX_PTHREAD_SEMANTICS 1
| #define _TANDEM_SOURCE 1
| #define NDEBUG 1
| #define RELEASEDATE "17 May 2016"
| #define EXCLUDE "/tmp:/dev:/proc:/sys:/run"
| #define LOGDIR "/var/log/porg"
| #define HAVE_DLFCN_H 1
| #define LT_OBJDIR ".libs/"
| #define HAVE_OPENAT 1
| #define HAVE_RENAMEAT 1
| #define HAVE_LINKAT 1
| #define HAVE_SYMLINKAT 1
| #define HAVE_OPEN64 1
| #define HAVE_CREAT64 1
| #define HAVE_FOPEN64 1
| #define HAVE_FREOPEN64 1
| #define HAVE_OPENAT64 1
| #define HAVE_DECL___OPEN 0
| /* end confdefs.h.  */
| #include <fcntl.h>
| 
| int
| main ()
| {
| #ifndef __open64
| #ifdef __cplusplus
|   (void) __open64;
| #else
|   (void) __open64;
| #endif
| #endif
| 
|   ;
|   return 0;
| }
configure:17499: result: no
configure:17633: checking that generated files are newer than configure
configure:17639: result: done
configure:17678: creating ./config.status

## ---------------------- ##
## Running config.status. ##
## ---------------------- ##

This file was extended by porg config.status 0.10, which was
generated by GNU Autoconf 2.69.  Invocation command line was

  CONFIG_FILES    = 
  CONFIG_HEADERS  = 
  CONFIG_LINKS    = 
  CONFIG_COMMANDS = 
  $ ./config.status 

on 6dabdc123712

config.status:1229: creating Makefile
config.status:1229: creating config-bot.h
config.status:1229: creating lib/Makefile
config.status:1229: creating lib/porg/Makefile
config.status:1229: creating lib/porg-log/Makefile
config.status:1229: creating porg/Makefile
config.status:1229: creating grop/Makefile
config.status:1229: creating scripts/Makefile
config.status:1229: creating scripts/paco2porg
config.status:1229: creating scripts/porgball
config.status:1229: creating doc/Makefile
config.status:1229: creating doc/porgrc
config.status:1229: creating doc/porgrc.5
config.status:1229: creating doc/porg.8
config.status:1229: creating doc/porgball.8
config.status:1229: creating config.h
config.status:1410: config.h is unchanged
config.status:1458: executing depfiles commands
config.status:1458: executing libtool commands

## ---------------- ##
## Cache variables. ##
## ---------------- ##

ac_cv_build=x86_64-pc-linux-gnu
ac_cv_c_compiler_gnu=yes
ac_cv_cxx_compiler_gnu=yes
ac_cv_env_CCC_set=
ac_cv_env_CCC_value=
ac_cv_env_CC_set=
ac_cv_env_CC_value=
ac_cv_env_CFLAGS_set=
ac_cv_env_CFLAGS_value=
ac_cv_env_CPPFLAGS_set=
ac_cv_env_CPPFLAGS_value=
ac_cv_env_CPP_set=
ac_cv_env_CPP_value=
ac_cv_env_CXXCPP_set=
ac_cv_env_CXXCPP_value=
ac_cv_env_CXXFLAGS_set=
ac_cv_env_CXXFLAGS_value=
ac_cv_env_CXX_set=
ac_cv_env_CXX_value=
ac_cv_env_GTKMM_CFLAGS_set=
ac_cv_env_GTKMM_CFLAGS_value=
ac_cv_env_GTKMM_LIBS_set=
ac_cv_env_GTKMM_LIBS_value=
ac_cv_env_LDFLAGS_set=
ac_cv_env_LDFLAGS_value=
ac_cv_env_LIBS_set=
ac_cv_env_LIBS_value=
ac_cv_env_LT_SYS_LIBRARY_PATH_set=
ac_cv_env_LT_SYS_LIBRARY_PATH_value=
ac_cv_env_PKG_CONFIG_LIBDIR_set=
ac_cv_env_PKG_CONFIG_LIBDIR_value=
ac_cv_env_PKG_CONFIG_PATH_set=
ac_cv_env_PKG_CONFIG_PATH_value=
ac_cv_env_PKG_CONFIG_set=
ac_cv_env_PKG_CONFIG_value=
ac_cv_env_build_alias_set=
ac_cv_env_build_alias_value=
ac_cv_env_host_alias_set=
ac_cv_env_host_alias_value=
ac_cv_env_target_alias_set=
ac_cv_env_target_alias_value=
ac_cv_func_creat64=yes
ac_cv_func_fopen64=yes
ac_cv_func_freopen64=yes
ac_cv_func_linkat=yes
ac_cv_func_open64=yes
ac_cv_func_openat64=yes
ac_cv_func_openat=yes
ac_cv_func_renameat=yes
ac_cv_func_symlinkat=yes
ac_cv_have_decl___open64=no
ac_cv_have_decl___open=no
ac_cv_header_dlfcn_h=yes
ac_cv_header_inttypes_h=yes
ac_cv_header_memory_h=yes
ac_cv_header_minix_config_h=no
ac_cv_header_stdc=yes
ac_cv_header_stdint_h=yes
ac_cv_header_stdlib_h=yes
ac_cv_header_string_h=yes
ac_cv_header_strings_h=yes
ac_cv_header_sys_stat_h=yes
ac_cv_header_sys_types_h=yes
ac_cv_header_unistd_h=yes
ac_cv_host=x86_64-pc-linux-gnu
ac_cv_objext=o
ac_cv_path_EGREP='/bin/grep -E'
ac_cv_path_FGREP='/bin/grep -F'
ac_cv_path_GREP=/bin/grep
ac_cv_path_SED=/bin/sed
ac_cv_path_install='/usr/bin/install -c'
ac_cv_path_lt_DD=/bin/dd
ac_cv_path_mkdir=/bin/mkdir
ac_cv_prog_AWK=mawk
ac_cv_prog_CPP='gcc -E'
ac_cv_prog_CXXCPP='g++ -E'
ac_cv_prog_ac_ct_AR=ar
ac_cv_prog_ac_ct_CC=gcc
ac_cv_prog_ac_ct_CXX=g++
ac_cv_prog_ac_ct_MANIFEST_TOOL=mt
ac_cv_prog_ac_ct_OBJDUMP=objdump
ac_cv_prog_ac_ct_RANLIB=ranlib
ac_cv_prog_ac_ct_STRIP=strip
ac_cv_prog_cc_c89=
ac_cv_prog_cc_g=yes
ac_cv_prog_cxx_g=yes
ac_cv_prog_make_make_set=yes
ac_cv_safe_to_define___extensions__=yes
ac_cv_search_dlopen=-ldl
ac_cv_type_ino_t=yes
ac_cv_type_size_t=yes
ac_cv_type_uint=yes
ac_cv_type_ulong=yes
am_cv_CC_dependencies_compiler_type=gcc3
am_cv_CXX_dependencies_compiler_type=gcc3
am_cv_ar_interface=ar
am_cv_make_support_nested_variables=yes
am_cv_prog_cc_c_o=yes
lt_cv_ar_at_file=@
lt_cv_archive_cmds_need_lc=no
lt_cv_deplibs_check_method=pass_all
lt_cv_file_magic_cmd='$MAGIC_CMD'
lt_cv_file_magic_test_file=
lt_cv_ld_reload_flag=-r
lt_cv_nm_interface='BSD nm'
lt_cv_objdir=.libs
lt_cv_path_LD=/usr/bin/ld
lt_cv_path_LDCXX='/usr/bin/ld -m elf_x86_64'
lt_cv_path_NM='/usr/bin/nm -B'
lt_cv_path_mainfest_tool=no
lt_cv_prog_compiler_c_o=yes
lt_cv_prog_compiler_c_o_CXX=yes
lt_cv_prog_compiler_pic='-fPIC -DPIC'
lt_cv_prog_compiler_pic_CXX='-fPIC -DPIC'
lt_cv_prog_compiler_pic_works=yes
lt_cv_prog_compiler_pic_works_CXX=yes
lt_cv_prog_compiler_rtti_exceptions=no
lt_cv_prog_compiler_static_works=yes
lt_cv_prog_compiler_static_works_CXX=yes
lt_cv_prog_gnu_ld=yes
lt_cv_prog_gnu_ldcxx=yes
lt_cv_sharedlib_from_linklib_cmd='printf %s\n'
lt_cv_shlibpath_overrides_runpath=no
lt_cv_sys_global_symbol_pipe='sed -n -e '\''s/^.*[	 ]\([ABCDGIRSTW][ABCDGIRSTW]*\)[	 ][	 ]*\([_A-Za-z][_A-Za-z0-9]*\)$/\1 \2 \2/p'\'' | sed '\''/ __gnu_lto/d'\'''
lt_cv_sys_global_symbol_to_c_name_address='sed -n -e '\''s/^: \(.*\) .*$/  {"\1", (void *) 0},/p'\'' -e '\''s/^[ABCDGIRSTW][ABCDGIRSTW]* .* \(.*\)$/  {"\1", (void *) \&\1},/p'\'''
lt_cv_sys_global_symbol_to_c_name_address_lib_prefix='sed -n -e '\''s/^: \(.*\) .*$/  {"\1", (void *) 0},/p'\'' -e '\''s/^[ABCDGIRSTW][ABCDGIRSTW]* .* \(lib.*\)$/  {"\1", (void *) \&\1},/p'\'' -e '\''s/^[ABCDGIRSTW][ABCDGIRSTW]* .* \(.*\)$/  {"lib\1", (void *) \&\1},/p'\'''
lt_cv_sys_global_symbol_to_cdecl='sed -n -e '\''s/^T .* \(.*\)$/extern int \1();/p'\'' -e '\''s/^[ABCDGIRSTW][ABCDGIRSTW]* .* \(.*\)$/extern char \1;/p'\'''
lt_cv_sys_global_symbol_to_import=
lt_cv_sys_max_cmd_len=1572864
lt_cv_to_host_file_cmd=func_convert_file_noop
lt_cv_to_tool_file_cmd=func_convert_file_noop
lt_cv_truncate_bin='/bin/dd bs=4096 count=1'

## ----------------- ##
## Output variables. ##
## ----------------- ##

#  include <memory.h>
#  include <stdlib.h>
# endif
# endif
# if !defined STDC_HEADERS && defined HAVE_MEMORY_H
# ifdef HAVE_STDLIB_H
# include <inttypes.h>
# include <stddef.h>
# include <stdint.h>
# include <stdlib.h>
# include <string.h>
# include <strings.h>
# include <sys/stat.h>
# include <sys/types.h>
# include <unistd.h>
#else
#endif
#endif
#endif
#endif
#endif
#endif
#endif
#endif'
#ifdef HAVE_INTTYPES_H
#ifdef HAVE_STDINT_H
#ifdef HAVE_STRINGS_H
#ifdef HAVE_STRING_H
#ifdef HAVE_SYS_STAT_H
#ifdef HAVE_SYS_TYPES_H
#ifdef HAVE_UNISTD_H
#ifdef STDC_HEADERS
ACLOCAL='${SHELL} /home/admin/porg/build/missing aclocal-1.15'
AMDEPBACKSLASH='\'
AMDEP_FALSE='#'
AMDEP_TRUE=''
AMTAR='$${TAR-tar}'
AM_BACKSLASH='\'
AM_DEFAULT_V='$(AM_DEFAULT_VERBOSITY)'
AM_DEFAULT_VERBOSITY='1'
AM_V='$(V)'
AR='ar'
AUTOCONF='${SHELL} /home/admin/porg/build/missing autoconf'
AUTOHEADER='${SHELL} /home/admin/porg/build/missing autoheader'
AUTOMAKE='${SHELL} /home/admin/porg/build/missing automake-1.15'
AWK='mawk'
CC='gcc'
CCDEPMODE='depmode=gcc3'
CFLAGS='-g -O2'
CPP='gcc -E'
CPPFLAGS=''
CXX='g++'
CXXCPP='g++ -E'
CXXDEPMODE='depmode=gcc3'
CXXFLAGS='-g -O2'
CYGPATH_W='echo'
DEFS='-DHAVE_CONFIG_H'
DEPDIR='.deps'
DLLTOOL='false'
DSYMUTIL=''
DUMPBIN=''
ECHO_C=''
ECHO_N='-n'
ECHO_T=''
EGREP='/bin/grep -E'
ENABLE_GROP_FALSE=''
ENABLE_GROP_TRUE='#'
EXCLUDE='/tmp:/dev:/proc:/sys:/run'
EXEEXT=''
FGREP='/bin/grep -F'
GREP='/bin/grep'
GTKMM_CFLAGS=''
GTKMM_LIBS=''
INSTALL_DATA='${INSTALL} -m 644'
INSTALL_PROGRAM='${INSTALL}'
INSTALL_SCRIPT='${INSTALL}'
INSTALL_STRIP_PROGRAM='$(install_sh) -c -s'
LD='/usr/bin/ld -m elf_x86_64'
LDFLAGS=''
LIBOBJS=''
LIBS='-ldl '
LIBTOOL='$(SHELL) $(top_builddir)/libtool'
LIPO=''
LN_S='ln -s'
LOGDIR='/var/log/porg'
LTLIBOBJS=''
LT_SYS_LIBRARY_PATH=''
MAINT='#'
MAINTAINER_MODE_FALSE=''
MAINTAINER_MODE_TRUE='#'
MAKEINFO='${SHELL} /home/admin/porg/build/missing makeinfo'
MANIFEST_TOOL=':'
MKDIR_P='/bin/mkdir -p'
MY_CFLAGS='-W -ansi -Wshadow -Wmissing-declarations -Wall'
MY_CXXFLAGS='-W -ansi -pedantic -Wall -fno-operator-names -std=c++11 -Wno-deprecated-declarations'
NM='/usr/bin/nm -B'
NMEDIT=''
OBJDUMP='objdump'
OBJEXT='o'
OTOOL64=''
OTOOL=''
PACKAGE='porg'
PACKAGE_BUGREPORT='http://porg.sourceforge.net'
PACKAGE_NAME='porg'
PACKAGE_STRING='porg 0.10'
PACKAGE_TARNAME='porg'
PACKAGE_URL=''
PACKAGE_VERSION='0.10'
PATH_SEPARATOR=':'
PKG_CONFIG=''
PKG_CONFIG_LIBDIR=''
PKG_CONFIG_PATH=''
RANLIB='ranlib'
RELEASEDATE='17 May 2016'
SED='/bin/sed'
SET_MAKE=''
SHELL='/bin/bash'
STRIP='strip'
VERSION='0.10'
ac_ct_AR='ar'
ac_ct_CC='gcc'
ac_ct_CXX='g++'
ac_ct_DUMPBIN=''
ac_includes_default='#include <stdio.h>
am__EXEEXT_FALSE=''
am__EXEEXT_TRUE='#'
am__fastdepCC_FALSE='#'
am__fastdepCC_TRUE=''
am__fastdepCXX_FALSE='#'
am__fastdepCXX_TRUE=''
am__include='include'
am__isrc=''
am__leading_dot='.'
am__nodep='_no'
am__quote=''
am__tar='$${TAR-tar} chof - "$$tardir"'
am__untar='$${TAR-tar} xf -'
bindir='${exec_prefix}/bin'
build='x86_64-pc-linux-gnu'
build_alias=''
build_cpu='x86_64'
build_os='linux-gnu'
build_vendor='pc'
datadir='${datarootdir}'
datarootdir='${prefix}/share'
docdir='${datarootdir}/doc/${PACKAGE_TARNAME}'
dvidir='${docdir}'
exec_prefix='${prefix}'
host='x86_64-pc-linux-gnu'
host_alias=''
host_cpu='x86_64'
host_os='linux-gnu'
host_vendor='pc'
htmldir='${docdir}'
includedir='${prefix}/include'
infodir='${datarootdir}/info'
install_sh='${SHELL} /home/admin/porg/build/install-sh'
libdir='${exec_prefix}/lib'
libexecdir='${exec_prefix}/libexec'
localedir='${datarootdir}/locale'
localstatedir='${prefix}/var'
mandir='${datarootdir}/man'
mkdir_p='$(MKDIR_P)'
oldincludedir='/usr/include'
pdfdir='${docdir}'
prefix='/usr/local'
program_transform_name='s,x,x,'
psdir='${docdir}'
runstatedir='${localstatedir}/run'
sbindir='${exec_prefix}/sbin'
sharedstatedir='${prefix}/com'
sysconfdir='${prefix}/etc'
target_alias=''

## ----------- ##
## confdefs.h. ##
## ----------- ##

/* confdefs.h */
#define PACKAGE_NAME "porg"
#define PACKAGE_TARNAME "porg"
#define PACKAGE_VERSION "0.10"
#define PACKAGE_STRING "porg 0.10"
#define PACKAGE_BUGREPORT "http://porg.sourceforge.net"
#define PACKAGE_URL ""
#define PACKAGE "porg"
#define VERSION "0.10"
#define STDC_HEADERS 1
#define HAVE_SYS_TYPES_H 1
#define HAVE_SYS_STAT_H 1
#define HAVE_STDLIB_H 1
#define HAVE_STRING_H 1
#define HAVE_MEMORY_H 1
#define HAVE_STRINGS_H 1
#define HAVE_INTTYPES_H 1
#define HAVE_STDINT_H 1
#define HAVE_UNISTD_H 1
#define __EXTENSIONS__ 1
#define _ALL_SOURCE 1
#define _GNU_SOURCE 1
#define _POSIX_PTHREAD_SEMANTICS 1
#define _TANDEM_SOURCE 1
#define NDEBUG 1
#define RELEASEDATE "17 May 2016"
#define EXCLUDE "/tmp:/dev:/proc:/sys:/run"
#define LOGDIR "/var/log/porg"
#define HAVE_DLFCN_H 1
#define LT_OBJDIR ".libs/"
#define HAVE_OPENAT 1
#define HAVE_RENAMEAT 1
#define HAVE_LINKAT 1
#define HAVE_SYMLINKAT 1
#define HAVE_OPEN64 1
#define HAVE_CREAT64 1
#define HAVE_FOPEN64 1
#define HAVE_FREOPEN64 1
#define HAVE_OPENAT64 1
#define HAVE_DECL___OPEN 0
#define HAVE_DECL___OPEN64 0

configure: exit 0
